  Triangle.cpp
c:\users\b1032464\documents\programming\engine\engine\source\engine\graphics\graphicspipelinelayout\graphicspipelinelayout.h(23): error C2039: 'VulkanGraphicsPipelineLayout': is not a member of 'EngineAPI::Graphics::Platform'
  c:\users\b1032464\documents\programming\engine\engine\source\engine\graphics\graphicspipelinelayout\vulkan\vulkangraphicspipelinelayout.h(32): note: see declaration of 'EngineAPI::Graphics::Platform'
c:\users\b1032464\documents\programming\engine\engine\source\engine\graphics\graphicspipelinelayout\graphicspipelinelayout.h(23): error C2504: 'VulkanGraphicsPipelineLayout': base class undefined
c:\users\b1032464\documents\programming\engine\engine\source\sandbox\triangle\triangle.cpp(132): warning C4244: '=': conversion from 'uint32_t' to 'float', possible loss of data
c:\users\b1032464\documents\programming\engine\engine\source\sandbox\triangle\triangle.cpp(133): warning C4244: '=': conversion from 'uint32_t' to 'float', possible loss of data
c:\users\b1032464\documents\programming\engine\engine\source\sandbox\triangle\triangle.cpp(175): error C2660: 'EngineAPI::Graphics::Platform::VulkanGraphicsPipelineState::InitVKGraphicsPipelineState': function does not take 6 arguments
  TexturedQuad.cpp
c:\users\b1032464\documents\programming\engine\engine\source\engine\graphics\graphicspipelinelayout\graphicspipelinelayout.h(23): error C2039: 'VulkanGraphicsPipelineLayout': is not a member of 'EngineAPI::Graphics::Platform'
  c:\users\b1032464\documents\programming\engine\engine\source\engine\graphics\graphicspipelinelayout\vulkan\vulkangraphicspipelinelayout.h(32): note: see declaration of 'EngineAPI::Graphics::Platform'
c:\users\b1032464\documents\programming\engine\engine\source\engine\graphics\graphicspipelinelayout\graphicspipelinelayout.h(23): error C2504: 'VulkanGraphicsPipelineLayout': base class undefined
c:\users\b1032464\documents\programming\engine\engine\source\sandbox\texturedquad\texturedquad.cpp(172): warning C4244: '=': conversion from 'uint32_t' to 'float', possible loss of data
c:\users\b1032464\documents\programming\engine\engine\source\sandbox\texturedquad\texturedquad.cpp(173): warning C4244: '=': conversion from 'uint32_t' to 'float', possible loss of data
c:\users\b1032464\documents\programming\engine\engine\source\sandbox\texturedquad\texturedquad.cpp(215): error C2660: 'EngineAPI::Graphics::Platform::VulkanGraphicsPipelineState::InitVKGraphicsPipelineState': function does not take 6 arguments
  Quad.cpp
c:\users\b1032464\documents\programming\engine\engine\source\engine\graphics\graphicspipelinelayout\graphicspipelinelayout.h(23): error C2039: 'VulkanGraphicsPipelineLayout': is not a member of 'EngineAPI::Graphics::Platform'
  c:\users\b1032464\documents\programming\engine\engine\source\engine\graphics\graphicspipelinelayout\vulkan\vulkangraphicspipelinelayout.h(32): note: see declaration of 'EngineAPI::Graphics::Platform'
c:\users\b1032464\documents\programming\engine\engine\source\engine\graphics\graphicspipelinelayout\graphicspipelinelayout.h(23): error C2504: 'VulkanGraphicsPipelineLayout': base class undefined
c:\users\b1032464\documents\programming\engine\engine\source\sandbox\quad\quad.cpp(161): warning C4244: '=': conversion from 'uint32_t' to 'float', possible loss of data
c:\users\b1032464\documents\programming\engine\engine\source\sandbox\quad\quad.cpp(162): warning C4244: '=': conversion from 'uint32_t' to 'float', possible loss of data
c:\users\b1032464\documents\programming\engine\engine\source\sandbox\quad\quad.cpp(204): error C2660: 'EngineAPI::Graphics::Platform::VulkanGraphicsPipelineState::InitVKGraphicsPipelineState': function does not take 6 arguments
  SandboxMain.cpp
c:\users\b1032464\documents\programming\engine\engine\source\engine\graphics\graphicspipelinelayout\graphicspipelinelayout.h(23): error C2039: 'VulkanGraphicsPipelineLayout': is not a member of 'EngineAPI::Graphics::Platform'
  c:\users\b1032464\documents\programming\engine\engine\source\engine\graphics\graphicspipelinelayout\vulkan\vulkangraphicspipelinelayout.h(32): note: see declaration of 'EngineAPI::Graphics::Platform'
c:\users\b1032464\documents\programming\engine\engine\source\engine\graphics\graphicspipelinelayout\graphicspipelinelayout.h(23): error C2504: 'VulkanGraphicsPipelineLayout': base class undefined
  SandboxApplication.cpp
c:\users\b1032464\documents\programming\engine\engine\source\engine\graphics\graphicspipelinelayout\graphicspipelinelayout.h(23): error C2039: 'VulkanGraphicsPipelineLayout': is not a member of 'EngineAPI::Graphics::Platform'
  c:\users\b1032464\documents\programming\engine\engine\source\engine\graphics\graphicspipelinelayout\vulkan\vulkangraphicspipelinelayout.h(32): note: see declaration of 'EngineAPI::Graphics::Platform'
c:\users\b1032464\documents\programming\engine\engine\source\engine\graphics\graphicspipelinelayout\graphicspipelinelayout.h(23): error C2504: 'VulkanGraphicsPipelineLayout': base class undefined
  Generating Code...
