c:\users\dan\documents\programming\3dgameengine\game_engine\engine\source\temp\sandboxwin32debug\vc140.pdb
c:\users\dan\documents\programming\3dgameengine\game_engine\engine\source\temp\sandboxwin32debug\vc140.idb
c:\users\dan\documents\programming\3dgameengine\game_engine\engine\source\temp\sandboxwin32debug\quad.obj
c:\users\dan\documents\programming\3dgameengine\game_engine\engine\source\temp\sandboxwin32debug\texturedcube.obj
c:\users\dan\documents\programming\3dgameengine\game_engine\engine\source\temp\sandboxwin32debug\triangle.obj
c:\users\dan\documents\programming\3dgameengine\game_engine\engine\source\temp\sandboxwin32debug\sandboxapplication.obj
c:\users\dan\documents\programming\3dgameengine\game_engine\engine\source\temp\sandboxwin32debug\sandboxmain.obj
c:\users\dan\documents\programming\3dgameengine\game_engine\engine\source\temp\sandboxwin32debug\pushconstantcube.obj
c:\users\dan\documents\programming\3dgameengine\game_engine\engine\source\lib\win32debug\sandboxwin32debug.ilk
c:\users\dan\documents\programming\3dgameengine\game_engine\engine\source\lib\win32debug\sandboxwin32debug.exe
c:\users\dan\documents\programming\3dgameengine\game_engine\engine\source\lib\win32debug\sandboxwin32debug.pdb
c:\users\dan\documents\programming\3dgameengine\game_engine\engine\source\temp\sandboxwin32debug\texturedquad.obj
c:\users\dan\documents\programming\3dgameengine\game_engine\engine\source\engine\msvs\..\..\lib\win32debug\sandboxwin32debug.pdb
c:\users\dan\documents\programming\3dgameengine\game_engine\engine\source\engine\msvs\..\..\lib\win32debug\sandboxwin32debug.exe
c:\users\dan\documents\programming\3dgameengine\game_engine\engine\source\engine\msvs\..\..\lib\win32debug\sandboxwin32debug.ilk
c:\users\dan\documents\programming\3dgameengine\game_engine\engine\source\temp\sandboxwin32debug\sandbox.tlog\cl.command.1.tlog
c:\users\dan\documents\programming\3dgameengine\game_engine\engine\source\temp\sandboxwin32debug\sandbox.tlog\cl.read.1.tlog
c:\users\dan\documents\programming\3dgameengine\game_engine\engine\source\temp\sandboxwin32debug\sandbox.tlog\cl.write.1.tlog
c:\users\dan\documents\programming\3dgameengine\game_engine\engine\source\temp\sandboxwin32debug\sandbox.tlog\link.command.1.tlog
c:\users\dan\documents\programming\3dgameengine\game_engine\engine\source\temp\sandboxwin32debug\sandbox.tlog\link.read.1.tlog
c:\users\dan\documents\programming\3dgameengine\game_engine\engine\source\temp\sandboxwin32debug\sandbox.tlog\link.write.1.tlog
