c:\users\dan\documents\programming\3dgameengine\game_engine\engine\source\temp\enginewin32debug\engine.pdb
c:\users\dan\documents\programming\3dgameengine\game_engine\engine\source\temp\enginewin32debug\engine.idb
c:\users\dan\documents\programming\3dgameengine\game_engine\engine\source\temp\enginewin32debug\graphicsmanager.obj
c:\users\dan\documents\programming\3dgameengine\game_engine\engine\source\temp\enginewin32debug\vulkangraphicsmanager.obj
c:\users\dan\documents\programming\3dgameengine\game_engine\engine\source\temp\enginewin32debug\vulkanprogram.obj
c:\users\dan\documents\programming\3dgameengine\game_engine\engine\source\temp\enginewin32debug\vulkanrendercommandbuffer.obj
c:\users\dan\documents\programming\3dgameengine\game_engine\engine\source\temp\enginewin32debug\vulkanrenderpassinstance.obj
c:\users\dan\documents\programming\3dgameengine\game_engine\engine\source\temp\enginewin32debug\vulkanrenderpass.obj
c:\users\dan\documents\programming\3dgameengine\game_engine\engine\source\temp\enginewin32debug\vulkanshader.obj
c:\users\dan\documents\programming\3dgameengine\game_engine\engine\source\temp\enginewin32debug\vulkanswapchain.obj
c:\users\dan\documents\programming\3dgameengine\game_engine\engine\source\temp\enginewin32debug\enginemain.obj
c:\users\dan\documents\programming\3dgameengine\game_engine\engine\source\temp\enginewin32debug\win32oswindow.obj
c:\users\dan\documents\programming\3dgameengine\game_engine\engine\source\temp\enginewin32debug\vulkanbuffer.obj
c:\users\dan\documents\programming\3dgameengine\game_engine\engine\source\temp\enginewin32debug\vulkandepthtexture.obj
c:\users\dan\documents\programming\3dgameengine\game_engine\engine\source\temp\enginewin32debug\vulkandrawableobject.obj
c:\users\dan\documents\programming\3dgameengine\game_engine\engine\source\temp\enginewin32debug\vulkanindexbuffer.obj
c:\users\dan\documents\programming\3dgameengine\game_engine\engine\source\temp\enginewin32debug\vulkanresource.obj
c:\users\dan\documents\programming\3dgameengine\game_engine\engine\source\temp\enginewin32debug\vulkantexture.obj
c:\users\dan\documents\programming\3dgameengine\game_engine\engine\source\temp\enginewin32debug\vulkanuniformbuffer.obj
c:\users\dan\documents\programming\3dgameengine\game_engine\engine\source\temp\enginewin32debug\vulkanvertexbuffer.obj
c:\users\dan\documents\programming\3dgameengine\game_engine\engine\source\temp\enginewin32debug\vulkanstatics.obj
c:\users\dan\documents\programming\3dgameengine\game_engine\engine\source\temp\enginewin32debug\gametimer.obj
c:\users\dan\documents\programming\3dgameengine\game_engine\engine\source\temp\enginewin32debug\win32application.obj
c:\users\dan\documents\programming\3dgameengine\game_engine\engine\source\temp\enginewin32debug\debuglog.obj
c:\users\dan\documents\programming\3dgameengine\game_engine\engine\source\temp\enginewin32debug\vulkancommandbufferpool.obj
c:\users\dan\documents\programming\3dgameengine\game_engine\engine\source\temp\enginewin32debug\vulkancommandqueuefamily.obj
c:\users\dan\documents\programming\3dgameengine\game_engine\engine\source\temp\enginewin32debug\vulkancommandqueue.obj
c:\users\dan\documents\programming\3dgameengine\game_engine\engine\source\temp\enginewin32debug\vulkandescriptorbinding.obj
c:\users\dan\documents\programming\3dgameengine\game_engine\engine\source\temp\enginewin32debug\vulkandescriptorpool.obj
c:\users\dan\documents\programming\3dgameengine\game_engine\engine\source\temp\enginewin32debug\vulkandescriptorset.obj
c:\users\dan\documents\programming\3dgameengine\game_engine\engine\source\temp\enginewin32debug\vulkandevicememoryallocator.obj
c:\users\dan\documents\programming\3dgameengine\game_engine\engine\source\temp\enginewin32debug\vulkandevicememoryblock.obj
c:\users\dan\documents\programming\3dgameengine\game_engine\engine\source\temp\enginewin32debug\vulkandevicememorystore.obj
c:\users\dan\documents\programming\3dgameengine\game_engine\engine\source\temp\enginewin32debug\vulkanrenderdevice.obj
c:\users\dan\documents\programming\3dgameengine\game_engine\engine\source\temp\enginewin32debug\vulkanframebuffer.obj
c:\users\dan\documents\programming\3dgameengine\game_engine\engine\source\temp\enginewin32debug\vulkangraphicspipelinecache.obj
c:\users\dan\documents\programming\3dgameengine\game_engine\engine\source\temp\enginewin32debug\vulkangraphicspipelinelayout.obj
c:\users\dan\documents\programming\3dgameengine\game_engine\engine\source\temp\enginewin32debug\vulkangraphicspipelinestate.obj
c:\users\dan\documents\programming\3dgameengine\game_engine\engine\source\temp\enginewin32debug\vulkanrenderinstance.obj
c:\users\dan\documents\programming\3dgameengine\game_engine\engine\source\temp\enginewin32debug\vulkanpushconstantbinding.obj
c:\users\dan\documents\programming\3dgameengine\game_engine\engine\source\lib\win32debug\engine.lib
c:\users\dan\documents\programming\3dgameengine\game_engine\engine\source\engine\msvs\..\..\lib\win32debug\engine.pdb
c:\users\dan\documents\programming\3dgameengine\game_engine\engine\source\engine\msvs\..\..\lib\win32debug\engine.lib
c:\users\dan\documents\programming\3dgameengine\game_engine\engine\source\temp\enginewin32debug\engine.tlog\cl.command.1.tlog
c:\users\dan\documents\programming\3dgameengine\game_engine\engine\source\temp\enginewin32debug\engine.tlog\cl.read.1.tlog
c:\users\dan\documents\programming\3dgameengine\game_engine\engine\source\temp\enginewin32debug\engine.tlog\cl.write.1.tlog
c:\users\dan\documents\programming\3dgameengine\game_engine\engine\source\temp\enginewin32debug\engine.tlog\lib-link.read.1.tlog
c:\users\dan\documents\programming\3dgameengine\game_engine\engine\source\temp\enginewin32debug\engine.tlog\lib-link.write.1.tlog
c:\users\dan\documents\programming\3dgameengine\game_engine\engine\source\temp\enginewin32debug\engine.tlog\lib.command.1.tlog
